
> typescriptproj@1.0.0 build-storybook
> storybook build -c ./config/storybook --output-dir=/var/folders/5p/y1pyplps0hz5r0b57n8mz2sr0000gn/T/chromatic--48312-O50NDcMfcZZz

[1m@storybook/core v8.5.8
[22m
info => Cleaning outputDir: [36m../../../../var/folders/5p/y1pyplps0hz5r0b57n8mz2sr0000gn/T/chromatic--48312-O50NDcMfcZZz[39m
info => Loading presets
info => Building manager..
info => Manager built ([38;2;181;126;229m134 ms[39m)
info => Building preview..
info => Using implicit CSS loaders
info => Loading custom Webpack config (full-control mode).
WARN asset size limit: The following asset(s) exceed the recommended size limit (244 KiB).
WARN This can impact web performance.
WARN Assets: 
WARN   673.6a4929b4.iframe.bundle.js (873 KiB)
WARN entrypoint size limit: The following entrypoint(s) combined asset size exceeds the recommended limit (244 KiB). This can impact web performance.
WARN Entrypoints:
WARN   main (887 KiB)
WARN       runtime~main.701e7f62.iframe.bundle.js
WARN       673.6a4929b4.iframe.bundle.js
WARN       main.f21458c4.iframe.bundle.js
WARN 
info => Preview built ([38;2;181;126;229m4.59 s[39m)
info => Output directory: /var/folders/5p/y1pyplps0hz5r0b57n8mz2sr0000gn/T/chromatic--48312-O50NDcMfcZZz
